[33m[01m[05m[ You are changing the branch: lab0 ][0m
Autotest: Begin at Sun Mar 13 22:40:53 CST 2022
[33m[01m[ (1)Start to test exercise0.1(4) ][0m
[32m[ You have passed exercise0.1(4) ][0m
[33m[01m[ (2)Start to test exercise0.1(3) ][0m
[32m[ You have passed bash exercise0.1(3) 1/2 ][0m
[32m[ You have passed bash exercise0.1(3) 2/2 ][0m
[33m[01m[ (3)Start to test exercise0.1(2) ][0m
gcc palindrome.c -o palindrome
[32m[ palindrome found. You have passed exercise0.1(2). ][0m
[33m[01m[ (4)Start to test exercise0.1(1) ][0m
[32m[ You have passed palindrome exercise0.1(1) 1/3 ][0m
[32m[ You have passed palindrome exercise0.1(1) 2/3 ][0m
[32m[ You have passed palindrome exercise0.1(1) 3/3 ][0m
[33m[01m[ (5)Start to test exercise0.2 ][0m
[32m[ File1~40 all exist.You have passed bash exercise0.2 1/3 ][0m
[32m[ Newfile41~70 all exist.You have passed bash exercise0.2 2/3 ][0m
[32m[ File41~100 don't exist.You have passed bash exercise0.2 3/3 ][0m
[33m[01m[ (6)Start to test exercise0.3 ][0m
[32m[ You have passed bash exercise0.3 1/2 ][0m
[32m[ You have passed bash exercise0.3 2/2 ][0m
[33m[01m[ (7)Start to test exercise0.4(1) ][0m
[32m[ You have passed bash exercise0.4(1) 1/2 ][0m
[32m[ You have passed bash exercise0.4(1) 2/2 ][0m
[33m[01m[ (8)Start to test exercise0.4(2) ][0m
[32m[ Makefile found. ][0m
cd code && make subprocess
make[1]: Entering directory '/usr/src/workdir/code'
gcc -I ../include -c fibo.c
gcc -I ../include -c main.c
gcc -I ../include -o fibo.c fibo
gcc: error: fibo: No such file or directory
gcc: fatal error: no input files
compilation terminated.
make[1]: *** [Makefile:4: subprocess] Error 1
make[1]: Leaving directory '/usr/src/workdir/code'
make: *** [Makefile:2: all] Error 2
[31m[01m[ cannot find your fibo ][0m
[33m[01m[ You got 87 (of 100) this time. Sun Mar 13 22:41:03 CST 2022 ][0m
Autotest: End at Sun Mar 13 22:41:03 CST 2022
