[33m[01m[05m[ You are changing the branch: lab3 ][0m
Autotest: Begin at Wed Apr 27 11:16:46 CST 2022
[33m[01m[ env_check and load_icode_check test begin. ][0m
Begin build at Wed Apr 27 11:16:46 CST 2022
Cleanning the project.................

for d in boot drivers init lib mm;	\
	do					\
		make --directory=$d clean; \
	done; \
rm -rf *.o *~ gxemul/vmlinux
make[1]: Entering directory '/usr/src/workdir/boot'
rm -rf *~ *.o
make[1]: Leaving directory '/usr/src/workdir/boot'
make[1]: Entering directory '/usr/src/workdir/drivers'
for d in gxconsole; \
	do				\
		make --directory=$d clean; \
	done
make[2]: Entering directory '/usr/src/workdir/drivers/gxconsole'
rm -rf *.o *~
make[2]: Leaving directory '/usr/src/workdir/drivers/gxconsole'
make[1]: Leaving directory '/usr/src/workdir/drivers'
make[1]: Entering directory '/usr/src/workdir/init'
rm -rf *~ *.o
make[1]: Leaving directory '/usr/src/workdir/init'
make[1]: Entering directory '/usr/src/workdir/lib'
rm -rf *~ *.o
make[1]: Leaving directory '/usr/src/workdir/lib'
make[1]: Entering directory '/usr/src/workdir/mm'
rm -rf *~ *.o
make[1]: Leaving directory '/usr/src/workdir/mm'

Building the project..................

make --directory=boot
make[1]: Entering directory '/usr/src/workdir/boot'
/OSLAB/compiler/usr/bin/mips_4KC-gcc -O -G 0 -mno-abicalls -fno-builtin -Wa,-xgot -Wall -fPIC -march=r3000 -I../include/ -c start.S 
make[1]: Leaving directory '/usr/src/workdir/boot'
make --directory=drivers
make[1]: Entering directory '/usr/src/workdir/drivers'
make --directory=gxconsole
make[2]: Entering directory '/usr/src/workdir/drivers/gxconsole'
/OSLAB/compiler/usr/bin/mips_4KC-gcc -O -G 0 -mno-abicalls -fno-builtin -Wa,-xgot -Wall -fPIC -march=r3000   -c -o console.o console.c
make[2]: Leaving directory '/usr/src/workdir/drivers/gxconsole'
make[1]: Leaving directory '/usr/src/workdir/drivers'
make --directory=init
make[1]: Entering directory '/usr/src/workdir/init'
/OSLAB/compiler/usr/bin/mips_4KC-gcc -O -G 0 -mno-abicalls -fno-builtin -Wa,-xgot -Wall -fPIC -march=r3000 -I../include -c init.c
init.c: In function 'mips_init':
init.c:18: warning: implicit declaration of function 'env_check'
init.c:19: warning: implicit declaration of function 'change_load_icode_check'
init.c: At top level:
init.c:34: warning: conflicting types for 'change_load_icode_check'
init.c:19: warning: previous implicit declaration of 'change_load_icode_check' was here
init.c: In function 'change_load_icode_check':
init.c:41: warning: unused variable 'paddr'
/OSLAB/compiler/usr/bin/mips_4KC-gcc -O -G 0 -mno-abicalls -fno-builtin -Wa,-xgot -Wall -fPIC -march=r3000 -I../include -c main.c
/OSLAB/compiler/usr/bin/mips_4KC-gcc -O -G 0 -mno-abicalls -fno-builtin -Wa,-xgot -Wall -fPIC -march=r3000 -I../include -c code_a.c
/OSLAB/compiler/usr/bin/mips_4KC-gcc -O -G 0 -mno-abicalls -fno-builtin -Wa,-xgot -Wall -fPIC -march=r3000 -I../include -c code_b.c
/OSLAB/compiler/usr/bin/mips_4KC-gcc -O -G 0 -mno-abicalls -fno-builtin -Wa,-xgot -Wall -fPIC -march=r3000 -I../include -c check_icode.c
make[1]: Leaving directory '/usr/src/workdir/init'
make --directory=lib
make[1]: Entering directory '/usr/src/workdir/lib'
/OSLAB/compiler/usr/bin/mips_4KC-gcc -O -G 0 -mno-abicalls -fno-builtin -Wa,-xgot -Wall -fPIC -march=r3000 -I./ -I../ -I../include/ -c kernel_elfloader.c
kernel_elfloader.c: In function 'load_elf':
kernel_elfloader.c:59: warning: unused variable 'r'
/OSLAB/compiler/usr/bin/mips_4KC-gcc -O -G 0 -mno-abicalls -fno-builtin -Wa,-xgot -Wall -fPIC -march=r3000 -I./ -I../ -I../include/ -c env.c
env.c: In function 'envid2env':
env.c:98: warning: 'e' is used uninitialized in this function
env.c: In function 'env_init':
env.c:139: error: 'NEV' undeclared (first use in this function)
env.c:139: error: (Each undeclared identifier is reported only once
env.c:139: error: for each function it appears in.)
env.c: In function 'env_setup_vm':
env.c:165: error: parse error before ')' token
env.c:160: warning: unused variable 'pgdir'
env.c:159: warning: unused variable 'p'
env.c:158: warning: unused variable 'i'
env.c:168: warning: control reaches end of non-void function
env.c: At top level:
env.c:189: error: parse error before '->' token
env.c: In function 'env_alloc':
env.c:216: warning: unused variable 'r'
env.c:236: warning: control reaches end of non-void function
env.c: In function 'load_icode_mapper':
env.c:262: warning: unused variable 'offset'
env.c:261: warning: unused variable 'r'
env.c:259: warning: unused variable 'p'
env.c:258: warning: unused variable 'env'
env.c: In function 'load_icode':
env.c:301: warning: unused variable 'perm'
env.c:300: warning: unused variable 'r'
env.c:298: warning: unused variable 'p'
env.c: In function 'env_create_priority':
env.c:330: warning: unused variable 'e'
env.c: In function 'load_icode_check':
env.c:541: warning: unused variable 'paddr'
make[1]: *** [Makefile:3: env.o] Error 1
make[1]: Leaving directory '/usr/src/workdir/lib'
make: *** [Makefile:32: lib] Error 2

End build at Wed Apr 27 11:16:48 CST 2022
[35m[ PASSED:0 ][0m
[35m[ TOTAL:10 ][0m
[33m[01m[ You got 5/50 in env_check and load_icode_check test. ][0m
[33m[01m[ Exception and scheduling algorithm test begin. ][0m
Begin build at Wed Apr 27 11:16:49 CST 2022
Cleanning the project.................

for d in boot drivers init lib mm;	\
	do					\
		make --directory=$d clean; \
	done; \
rm -rf *.o *~ gxemul/vmlinux
make[1]: Entering directory '/usr/src/workdir/boot'
rm -rf *~ *.o
make[1]: Leaving directory '/usr/src/workdir/boot'
make[1]: Entering directory '/usr/src/workdir/drivers'
for d in gxconsole; \
	do				\
		make --directory=$d clean; \
	done
make[2]: Entering directory '/usr/src/workdir/drivers/gxconsole'
rm -rf *.o *~
make[2]: Leaving directory '/usr/src/workdir/drivers/gxconsole'
make[1]: Leaving directory '/usr/src/workdir/drivers'
make[1]: Entering directory '/usr/src/workdir/init'
rm -rf *~ *.o
make[1]: Leaving directory '/usr/src/workdir/init'
make[1]: Entering directory '/usr/src/workdir/lib'
rm -rf *~ *.o
make[1]: Leaving directory '/usr/src/workdir/lib'
make[1]: Entering directory '/usr/src/workdir/mm'
rm -rf *~ *.o
make[1]: Leaving directory '/usr/src/workdir/mm'

Building the project..................

make --directory=boot
make[1]: Entering directory '/usr/src/workdir/boot'
/OSLAB/compiler/usr/bin/mips_4KC-gcc -O -G 0 -mno-abicalls -fno-builtin -Wa,-xgot -Wall -fPIC -march=r3000 -I../include/ -c start.S 
make[1]: Leaving directory '/usr/src/workdir/boot'
make --directory=drivers
make[1]: Entering directory '/usr/src/workdir/drivers'
make --directory=gxconsole
make[2]: Entering directory '/usr/src/workdir/drivers/gxconsole'
/OSLAB/compiler/usr/bin/mips_4KC-gcc -O -G 0 -mno-abicalls -fno-builtin -Wa,-xgot -Wall -fPIC -march=r3000   -c -o console.o console.c
make[2]: Leaving directory '/usr/src/workdir/drivers/gxconsole'
make[1]: Leaving directory '/usr/src/workdir/drivers'
make --directory=init
make[1]: Entering directory '/usr/src/workdir/init'
/OSLAB/compiler/usr/bin/mips_4KC-gcc -O -G 0 -mno-abicalls -fno-builtin -Wa,-xgot -Wall -fPIC -march=r3000 -I../include -c init.c
init.c:71:2: warning: no newline at end of file
/OSLAB/compiler/usr/bin/mips_4KC-gcc -O -G 0 -mno-abicalls -fno-builtin -Wa,-xgot -Wall -fPIC -march=r3000 -I../include -c main.c
/OSLAB/compiler/usr/bin/mips_4KC-gcc -O -G 0 -mno-abicalls -fno-builtin -Wa,-xgot -Wall -fPIC -march=r3000 -I../include -c code_a.c
/OSLAB/compiler/usr/bin/mips_4KC-gcc -O -G 0 -mno-abicalls -fno-builtin -Wa,-xgot -Wall -fPIC -march=r3000 -I../include -c code_b.c
/OSLAB/compiler/usr/bin/mips_4KC-gcc -O -G 0 -mno-abicalls -fno-builtin -Wa,-xgot -Wall -fPIC -march=r3000 -I../include -c check_icode.c
make[1]: Leaving directory '/usr/src/workdir/init'
make --directory=lib
make[1]: Entering directory '/usr/src/workdir/lib'
/OSLAB/compiler/usr/bin/mips_4KC-gcc -O -G 0 -mno-abicalls -fno-builtin -Wa,-xgot -Wall -fPIC -march=r3000 -I./ -I../ -I../include/ -c kernel_elfloader.c
kernel_elfloader.c: In function 'load_elf':
kernel_elfloader.c:59: warning: unused variable 'r'
/OSLAB/compiler/usr/bin/mips_4KC-gcc -O -G 0 -mno-abicalls -fno-builtin -Wa,-xgot -Wall -fPIC -march=r3000 -I./ -I../ -I../include/ -c env.c
env.c: In function 'envid2env':
env.c:98: warning: 'e' is used uninitialized in this function
env.c: In function 'env_init':
env.c:139: error: 'NEV' undeclared (first use in this function)
env.c:139: error: (Each undeclared identifier is reported only once
env.c:139: error: for each function it appears in.)
env.c: In function 'env_setup_vm':
env.c:165: error: parse error before ')' token
env.c:160: warning: unused variable 'pgdir'
env.c:159: warning: unused variable 'p'
env.c:158: warning: unused variable 'i'
env.c:168: warning: control reaches end of non-void function
env.c: At top level:
env.c:189: error: parse error before '->' token
env.c: In function 'env_alloc':
env.c:216: warning: unused variable 'r'
env.c:236: warning: control reaches end of non-void function
env.c: In function 'load_icode_mapper':
env.c:262: warning: unused variable 'offset'
env.c:261: warning: unused variable 'r'
env.c:259: warning: unused variable 'p'
env.c:258: warning: unused variable 'env'
env.c: In function 'load_icode':
env.c:301: warning: unused variable 'perm'
env.c:300: warning: unused variable 'r'
env.c:298: warning: unused variable 'p'
env.c: In function 'env_create_priority':
env.c:330: warning: unused variable 'e'
env.c: In function 'load_icode_check':
env.c:541: warning: unused variable 'paddr'
make[1]: Leaving directory '/usr/src/workdir/lib'
make[1]: *** [Makefile:3: env.o] Error 1
make: *** [Makefile:32: lib] Error 2

End build at Wed Apr 27 11:16:51 CST 2022
[33m[01m[ You got 5/50 in exception and scheduling algorithm test. ][0m
[33m[01m[ You got 10 (of 100) this time. Wed Apr 27 11:16:51 CST 2022 ][0m
Autotest: End at Wed Apr 27 11:16:51 CST 2022
